<?xml version="1.0" encoding="UTF-8"?>
<!-- Generated by org.testng.reporters.JUnitReportReporter -->
<testsuite hostname="VDC01DELW0204" name="comcast.test.homepage.VerifyWelcomePage" tests="4" failures="0" timestamp="16 Jul 2015 09:29:14 GMT" time="11.085" errors="0">
  <testcase name="Step02_VerifySubtitle" time="0.537" classname="comcast.test.homepage.VerifyWelcomePage"/>
  <testcase name="Step01_VerifyWatchableAppOpened" time="10.365" classname="comcast.test.homepage.VerifyWelcomePage"/>
  <testcase name="Step03_VerifySignUpButton" time="0.082" classname="comcast.test.homepage.VerifyWelcomePage"/>
  <testcase name="Step04_VerifyLoginButton" time="0.101" classname="comcast.test.homepage.VerifyWelcomePage"/>
</testsuite> <!-- comcast.test.homepage.VerifyWelcomePage -->
