<?xml version="1.0" encoding="UTF-8"?>
<!-- Generated by org.testng.reporters.JUnitReportReporter -->
<testsuite hostname="vdc01dlap0337" name="comcast.test.homepage.VerifyHomePageContent" tests="1" failures="0" timestamp="13 Jun 2016 11:24:36 GMT" time="6.837" errors="0">
  <testcase name="Step01_NavigeteToURL" time="6.837" classname="comcast.test.homepage.VerifyHomePageContent"/>
</testsuite> <!-- comcast.test.homepage.VerifyHomePageContent -->
