<?xml version="1.0" encoding="UTF-8"?>
<!-- Generated by org.testng.reporters.JUnitReportReporter -->
<testsuite hostname="VDC01DELW0204" name="comcast.test.homepage.VerifySignUpFormUsernameErrorMsg" tests="4" failures="0" timestamp="16 Jul 2015 12:18:29 GMT" time="67.680" errors="0">
  <testcase name="Step03_EnterInvalidUserName" time="40.111" classname="comcast.test.homepage.VerifySignUpFormUsernameErrorMsg"/>
  <testcase name="Step01_VerifyWatchableAppOpened" time="10.420" classname="comcast.test.homepage.VerifySignUpFormUsernameErrorMsg"/>
  <testcase name="Step04_VerifyUserNameErrorMsg" time="0.923" classname="comcast.test.homepage.VerifySignUpFormUsernameErrorMsg"/>
  <testcase name="Step02_ClickOnSignUpButton" time="16.226" classname="comcast.test.homepage.VerifySignUpFormUsernameErrorMsg"/>
</testsuite> <!-- comcast.test.homepage.VerifySignUpFormUsernameErrorMsg -->
