<?xml version="1.0" encoding="UTF-8"?>
<!-- Generated by org.testng.reporters.JUnitReportReporter -->
<testsuite hostname="VDC01DELW0204" name="comcast.test.homepage.VerifyForgotPasswordFormContents" tests="8" failures="0" timestamp="9 Jul 2015 06:29:47 GMT" time="35.735" errors="0">
  <testcase name="Step06_VerifyEmailLabel" time="0.108" classname="comcast.test.homepage.VerifyForgotPasswordFormContents"/>
  <testcase name="Step07_VerifyEmailTextBox" time="0.159" classname="comcast.test.homepage.VerifyForgotPasswordFormContents"/>
  <testcase name="Step01_VerifyWatchableAppOpened" time="10.540" classname="comcast.test.homepage.VerifyForgotPasswordFormContents"/>
  <testcase name="Step05_VerifyForgotPasswordPageTitle" time="0.347" classname="comcast.test.homepage.VerifyForgotPasswordFormContents"/>
  <testcase name="Step03_ClickOnForgotPasswordlink" time="6.141" classname="comcast.test.homepage.VerifyForgotPasswordFormContents"/>
  <testcase name="Step08_VerifySendButton" time="0.670" classname="comcast.test.homepage.VerifyForgotPasswordFormContents"/>
  <testcase name="Step04_VerifyBackButton" time="0.102" classname="comcast.test.homepage.VerifyForgotPasswordFormContents"/>
  <testcase name="Step02_ClickOnLoginButton" time="17.668" classname="comcast.test.homepage.VerifyForgotPasswordFormContents"/>
</testsuite> <!-- comcast.test.homepage.VerifyForgotPasswordFormContents -->
