<?xml version="1.0" encoding="UTF-8"?>
<!-- Generated by org.testng.reporters.JUnitReportReporter -->
<testsuite hostname="VDC01DELW0204" name="comcast.test.homepage.VerifySignUpFormPasswordErrorMsg" tests="4" failures="0" timestamp="16 Jul 2015 12:37:55 GMT" time="70.243" errors="0">
  <testcase name="Step02_ClickOnSignUpButton" time="16.105" classname="comcast.test.homepage.VerifySignUpFormPasswordErrorMsg"/>
  <testcase name="Step03_EnterInvalidPassword" time="40.019" classname="comcast.test.homepage.VerifySignUpFormPasswordErrorMsg"/>
  <testcase name="Step04_VerifyPasswordErrorMsg" time="0.626" classname="comcast.test.homepage.VerifySignUpFormPasswordErrorMsg"/>
  <testcase name="Step01_VerifyWatchableAppOpened" time="13.493" classname="comcast.test.homepage.VerifySignUpFormPasswordErrorMsg"/>
</testsuite> <!-- comcast.test.homepage.VerifySignUpFormPasswordErrorMsg -->
