<?xml version="1.0" encoding="UTF-8"?>
<!-- Generated by org.testng.reporters.JUnitReportReporter -->
<testsuite hostname="VDC01DELW0204" name="comcast.test.homepage.VerifySignUpFormEmailErrorMsg" tests="4" failures="0" timestamp="16 Jul 2015 12:28:56 GMT" time="68.461" errors="0">
  <testcase name="Step02_ClickOnSignUpButton" time="16.462" classname="comcast.test.homepage.VerifySignUpFormEmailErrorMsg"/>
  <testcase name="Step03_EnterInvalidUserName" time="40.927" classname="comcast.test.homepage.VerifySignUpFormEmailErrorMsg"/>
  <testcase name="Step01_VerifyWatchableAppOpened" time="10.458" classname="comcast.test.homepage.VerifySignUpFormEmailErrorMsg"/>
  <testcase name="Step04_VerifyEmailErrorMsg" time="0.614" classname="comcast.test.homepage.VerifySignUpFormEmailErrorMsg"/>
</testsuite> <!-- comcast.test.homepage.VerifySignUpFormEmailErrorMsg -->
