<?xml version="1.0" encoding="UTF-8"?>
<!-- Generated by org.testng.reporters.JUnitReportReporter -->
<testsuite hostname="VDC01DELW0204" name="comcast.test.homepage.VerifyForgotPasswordFormBackButton" tests="4" failures="0" timestamp="10 Jul 2015 09:27:08 GMT" time="43.396" errors="0">
  <testcase name="Step01_VerifyWatchableAppOpened" time="10.323" classname="comcast.test.homepage.VerifyForgotPasswordFormBackButton"/>
  <testcase name="Step03_ClickOnForgotPasswordlink" time="6.570" classname="comcast.test.homepage.VerifyForgotPasswordFormBackButton"/>
  <testcase name="Step04_ClickOnBackButton" time="8.895" classname="comcast.test.homepage.VerifyForgotPasswordFormBackButton"/>
  <testcase name="Step02_ClickOnLoginButton" time="17.608" classname="comcast.test.homepage.VerifyForgotPasswordFormBackButton"/>
</testsuite> <!-- comcast.test.homepage.VerifyForgotPasswordFormBackButton -->
