<?xml version="1.0" encoding="UTF-8"?>
<!-- Generated by org.testng.reporters.JUnitReportReporter -->
<testsuite hostname="vdc01hlap0367" name="comcast.test.homepage.LoginToWatchableWithValidCredentials" tests="1" failures="0" timestamp="10 Mar 2016 11:27:15 GMT" time="8.896" errors="0">
  <testcase name="Step01_NavigeteToURL" time="8.896" classname="comcast.test.homepage.LoginToWatchableWithValidCredentials"/>
</testsuite> <!-- comcast.test.homepage.LoginToWatchableWithValidCredentials -->
