<?xml version="1.0" encoding="UTF-8"?>
<!-- Generated by org.testng.reporters.JUnitReportReporter -->
<testsuite hostname="VDC01DELW0204" name="comcast.test.homepage.VerifySignUpFormBackButton" tests="3" failures="0" timestamp="10 Jul 2015 12:12:31 GMT" time="35.353" errors="0">
  <testcase name="Step01_VerifyWatchableAppOpened" time="10.363" classname="comcast.test.homepage.VerifySignUpFormBackButton"/>
  <testcase name="Step03_ClickOnBackButton" time="8.538" classname="comcast.test.homepage.VerifySignUpFormBackButton"/>
  <testcase name="Step02_ClickOnSignUpButton" time="16.452" classname="comcast.test.homepage.VerifySignUpFormBackButton"/>
</testsuite> <!-- comcast.test.homepage.VerifySignUpFormBackButton -->
