<?xml version="1.0" encoding="UTF-8"?>
<!-- Generated by org.testng.reporters.JUnitReportReporter -->
<testsuite hostname="VDC01DELW0204" name="comcast.test.homepage.VerifyLoginFormBackButton" tests="3" failures="0" timestamp="10 Jul 2015 10:01:30 GMT" time="36.937" errors="0">
  <testcase name="Step01_VerifyWatchableAppOpened" time="10.369" classname="comcast.test.homepage.VerifyLoginFormBackButton"/>
  <testcase name="Step02_ClickOnLoginButton" time="17.942" classname="comcast.test.homepage.VerifyLoginFormBackButton"/>
  <testcase name="Step03_ClickOnBackButton" time="8.626" classname="comcast.test.homepage.VerifyLoginFormBackButton"/>
</testsuite> <!-- comcast.test.homepage.VerifyLoginFormBackButton -->
