<?xml version="1.0" encoding="UTF-8"?>
<!-- Generated by org.testng.reporters.JUnitReportReporter -->
<testsuite hostname="VDC01DELW0204" name="comcast.test.homepage.VerifySignUpFormContents" tests="9" failures="0" timestamp="10 Jul 2015 11:21:35 GMT" time="28.988" errors="0">
  <testcase name="Step07_VerifyBackButton" time="0.240" classname="comcast.test.homepage.VerifySignUpFormContents"/>
  <testcase name="Step01_VerifyWatchableAppOpened" time="10.367" classname="comcast.test.homepage.VerifySignUpFormContents"/>
  <testcase name="Step02_ClickOnSignUpButton" time="16.420" classname="comcast.test.homepage.VerifySignUpFormContents"/>
  <testcase name="Step08_VerifyDoneButton" time="1.187" classname="comcast.test.homepage.VerifySignUpFormContents"/>
  <testcase name="Step05_VerifyEmailTextBox" time="0.141" classname="comcast.test.homepage.VerifySignUpFormContents"/>
  <testcase name="Step03_VerifySignUpPageTitle" time="0.283" classname="comcast.test.homepage.VerifySignUpFormContents"/>
  <testcase name="Step09_VerifyFooterText" time="0.129" classname="comcast.test.homepage.VerifySignUpFormContents"/>
  <testcase name="Step06_VerifyPasswordTextBox" time="0.107" classname="comcast.test.homepage.VerifySignUpFormContents"/>
  <testcase name="Step04_VerifyUserNameTextBox" time="0.114" classname="comcast.test.homepage.VerifySignUpFormContents"/>
</testsuite> <!-- comcast.test.homepage.VerifySignUpFormContents -->
