<?xml version="1.0" encoding="UTF-8"?>
<!-- Generated by org.testng.reporters.JUnitReportReporter -->
<testsuite hostname="VDC01DELW0204" name="comcast.test.homepage.VerifyForgotPasswordWithInvalidEmail" tests="5" failures="0" timestamp="9 Jul 2015 09:34:46 GMT" time="51.200" errors="0">
  <testcase name="Step02_ClickOnLoginButton" time="17.756" classname="comcast.test.homepage.VerifyForgotPasswordWithInvalidEmail"/>
  <testcase name="Step03_ClickOnForgotPasswordlink" time="5.937" classname="comcast.test.homepage.VerifyForgotPasswordWithInvalidEmail"/>
  <testcase name="Step05_VerifyErrorMessage" time="0.375" classname="comcast.test.homepage.VerifyForgotPasswordWithInvalidEmail"/>
  <testcase name="Step01_VerifyWatchableAppOpened" time="10.492" classname="comcast.test.homepage.VerifyForgotPasswordWithInvalidEmail"/>
  <testcase name="Step04_EnterInvalidEmail" time="16.640" classname="comcast.test.homepage.VerifyForgotPasswordWithInvalidEmail"/>
</testsuite> <!-- comcast.test.homepage.VerifyForgotPasswordWithInvalidEmail -->
